<?xml version="1.0" encoding="UTF-8"?>
<!-- Generated by org.testng.reporters.JUnitReportReporter -->
<testsuite skipped="0" hostname="DESKTOP-RFGG51U" name="com.demoBlaze.testcases.LoginTest" tests="1" failures="0" timestamp="2023-07-27T21:42:49 IST" time="106.874" errors="0">
  <testcase name="loginTest" time="106.874" classname="com.demoBlaze.testcases.LoginTest"/>
  <system-out/>
</testsuite> <!-- com.demoBlaze.testcases.LoginTest -->
