<?xml version="1.0" encoding="UTF-8"?>
<!-- Generated by org.testng.reporters.JUnitReportReporter -->
<testsuite hostname="DESKTOP-RFGG51U" failures="0" tests="1" name="com.demoBlaze.testcases.ProductSelectionTest" time="47.525" errors="0" timestamp="2023-10-12T16:10:48 IST" skipped="0">
  <testcase classname="com.demoBlaze.testcases.ProductSelectionTest" name="loginTest" time="47.525"/>
</testsuite> <!-- com.demoBlaze.testcases.ProductSelectionTest -->
