<?xml version="1.0" encoding="UTF-8"?>
<!-- Generated by org.testng.reporters.JUnitReportReporter -->
<testsuite skipped="0" hostname="DESKTOP-RFGG51U" name="com.demoBlaze.testcases.ProductSelectionTest" tests="1" failures="0" timestamp="2023-07-27T22:16:50 IST" time="114.706" errors="0">
  <testcase name="loginTest" time="114.706" classname="com.demoBlaze.testcases.ProductSelectionTest"/>
  <system-out/>
</testsuite> <!-- com.demoBlaze.testcases.ProductSelectionTest -->
